<?xml version="1.0" encoding="UTF-8"?>
<!-- Generated by org.testng.reporters.JUnitReportReporter -->
<testsuite hostname="FLXYXQV9TM" failures="0" tests="13" name="com.qa.opencart.test.ProductInfoPageTest" time="62.697" errors="0" timestamp="2025-06-15T18:57:29 IST" skipped="0">
  <testcase classname="com.qa.opencart.test.ProductInfoPageTest" name="productInformationTest" time="5.202"/>
  <system-out/>
  <testcase classname="com.qa.opencart.test.ProductInfoPageTest" name="productImagesCountTest" time="4.026"/>
  <system-out/>
  <testcase classname="com.qa.opencart.test.ProductInfoPageTest" name="addTocartTest" time="8.105"/>
  <system-out/>
  <testcase classname="com.qa.opencart.test.ProductInfoPageTest" name="productSearchHeaderTest" time="4.225"/>
  <system-out/>
  <testcase classname="com.qa.opencart.test.ProductInfoPageTest" name="productSearchHeaderTest" time="3.972"/>
  <system-out/>
  <testcase classname="com.qa.opencart.test.ProductInfoPageTest" name="productImagesCountTest" time="4.319"/>
  <system-out/>
  <testcase classname="com.qa.opencart.test.ProductInfoPageTest" name="productImagesCountTest" time="4.435"/>
  <system-out/>
  <testcase classname="com.qa.opencart.test.ProductInfoPageTest" name="productSearchHeaderTest" time="4.161"/>
  <system-out/>
  <testcase classname="com.qa.opencart.test.ProductInfoPageTest" name="productSearchHeaderTest" time="3.988"/>
  <system-out/>
  <testcase classname="com.qa.opencart.test.ProductInfoPageTest" name="productImagesCountTest" time="4.376"/>
  <system-out/>
  <testcase classname="com.qa.opencart.test.ProductInfoPageTest" name="productSearchHeaderTest" time="4.237"/>
  <system-out/>
  <testcase classname="com.qa.opencart.test.ProductInfoPageTest" name="productImagesCountTest" time="4.181"/>
  <system-out/>
  <testcase classname="com.qa.opencart.test.ProductInfoPageTest" name="logoutFromApplication" time="7.470"/>
  <system-out/>
</testsuite> <!-- com.qa.opencart.test.ProductInfoPageTest -->
