<?xml version="1.0" encoding="UTF-8"?>
<!-- Generated by org.testng.reporters.JUnitReportReporter -->
<testsuite hostname="FLXYXQV9TM" failures="0" tests="14" name="com.qa.opencart.test.HomePageTest" time="13.973" errors="0" timestamp="2025-06-15T18:57:29 IST" skipped="0">
  <testcase classname="com.qa.opencart.test.HomePageTest" name="searchTest" time="1.665"/>
  <system-out/>
  <testcase classname="com.qa.opencart.test.HomePageTest" name="searchTest" time="1.696"/>
  <system-out/>
  <testcase classname="com.qa.opencart.test.HomePageTest" name="getFooterLinkTest" time="0.065"/>
  <system-out/>
  <testcase classname="com.qa.opencart.test.HomePageTest" name="logoutLinkExistTest" time="0.127"/>
  <system-out/>
  <testcase classname="com.qa.opencart.test.HomePageTest" name="searchTest" time="1.463"/>
  <system-out/>
  <testcase classname="com.qa.opencart.test.HomePageTest" name="homePageTitleTest" time="0.003"/>
  <system-out/>
  <testcase classname="com.qa.opencart.test.HomePageTest" name="searchTest" time="1.648"/>
  <system-out/>
  <testcase classname="com.qa.opencart.test.HomePageTest" name="getFooterLinkTest" time="0.083"/>
  <system-out/>
  <testcase classname="com.qa.opencart.test.HomePageTest" name="logoDisplayedTest" time="0.003"/>
  <system-out/>
  <testcase classname="com.qa.opencart.test.HomePageTest" name="homePageHeadersTest" time="0.587"/>
  <system-out/>
  <testcase classname="com.qa.opencart.test.HomePageTest" name="getFooterLinkTest" time="0.089"/>
  <system-out/>
  <testcase classname="com.qa.opencart.test.HomePageTest" name="getFooterLinkTest" time="0.131"/>
  <system-out/>
  <testcase classname="com.qa.opencart.test.HomePageTest" name="searchTest" time="6.410"/>
  <system-out/>
  <testcase classname="com.qa.opencart.test.HomePageTest" name="homePageUrl" time="0.003"/>
  <system-out/>
</testsuite> <!-- com.qa.opencart.test.HomePageTest -->
