<?xml version="1.0" encoding="UTF-8"?>
<!-- Generated by org.testng.reporters.JUnitReportReporter -->
<testsuite hostname="FLXYXQV9TM" failures="0" tests="18" name="com.qa.opencart.test.LoginPageTest" time="6.553" errors="0" timestamp="2025-06-15T18:59:47 IST" skipped="0">
  <testcase classname="com.qa.opencart.test.LoginPageTest" name="getFooterLinkTest" time="0.060"/>
  <system-out/>
  <testcase classname="com.qa.opencart.test.LoginPageTest" name="getFooterLinkTest" time="0.086"/>
  <system-out/>
  <testcase classname="com.qa.opencart.test.LoginPageTest" name="loginPageUrl" time="0.007"/>
  <system-out/>
  <testcase classname="com.qa.opencart.test.LoginPageTest" name="forgotPassLinkExist" time="0.070"/>
  <system-out/>
  <testcase classname="com.qa.opencart.test.LoginPageTest" name="loginPageTitleTest" time="0.003"/>
  <system-out/>
  <testcase classname="com.qa.opencart.test.LoginPageTest" name="loginPageTitleTest" time="0.007"/>
  <system-out/>
  <testcase classname="com.qa.opencart.test.LoginPageTest" name="getFooterLinkTest" time="0.041"/>
  <system-out/>
  <testcase classname="com.qa.opencart.test.LoginPageTest" name="logoDisplayedTest" time="0.002"/>
  <system-out/>
  <testcase classname="com.qa.opencart.test.LoginPageTest" name="getFooterLinkTest" time="0.050"/>
  <system-out/>
  <testcase classname="com.qa.opencart.test.LoginPageTest" name="getFooterLinkTest" time="0.047"/>
  <system-out/>
  <testcase classname="com.qa.opencart.test.LoginPageTest" name="logoDisplayedTest" time="0.006"/>
  <system-out/>
  <testcase classname="com.qa.opencart.test.LoginPageTest" name="forgotPassLinkExist" time="0.287"/>
  <system-out/>
  <testcase classname="com.qa.opencart.test.LoginPageTest" name="loginPageUrl" time="0.003"/>
  <system-out/>
  <testcase classname="com.qa.opencart.test.LoginPageTest" name="getFooterLinkTest" time="0.053"/>
  <system-out/>
  <testcase classname="com.qa.opencart.test.LoginPageTest" name="getFooterLinkTest" time="0.050"/>
  <system-out/>
  <testcase classname="com.qa.opencart.test.LoginPageTest" name="getFooterLinkTest" time="0.040"/>
  <system-out/>
  <testcase classname="com.qa.opencart.test.LoginPageTest" name="doLoginTest" time="2.762"/>
  <system-out/>
  <testcase classname="com.qa.opencart.test.LoginPageTest" name="doLoginTest" time="2.979"/>
  <system-out/>
</testsuite> <!-- com.qa.opencart.test.LoginPageTest -->
